2025-04-04 03:59:48.357465 - Received CBT.V508.FILE1036.PDS from FILE1036.XMI 
2025-04-04 03:59:48.358347 - Found $$$#DATE.txt (text/plain) in CBT.V508.FILE1036.PDS, moved to PDS/$$$#DATE
2025-04-04 03:59:48.358496 - Found $PDSLOAD.jcl (text/plain) in CBT.V508.FILE1036.PDS, moved to PDS/$PDSLOAD
2025-04-04 03:59:48.358912 - Found #APPLPGD.pdf (application/pdf) in CBT.V508.FILE1036.PDS, moved to docs/#APPLPGD.pdf
2025-04-04 03:59:48.359193 - Found #INSCUST.pdf (application/pdf) in CBT.V508.FILE1036.PDS, moved to docs/#INSCUST.pdf
2025-04-04 03:59:48.359357 - Found #PDSLOAD.bin (application/octet-stream) in CBT.V508.FILE1036.PDS, moved to PDS/#PDSLOAD
2025-04-04 03:59:48.359490 - Found @FIL1036.txt (text/plain) in CBT.V508.FILE1036.PDS, moved to PDS/@FIL1036
2025-04-04 03:59:48.360572 - Found ASM.txt (text/plain) in CBT.V508.FILE1036.PDS, moved to PDS/ASM
2025-04-04 03:59:48.361802 - Found CNTL.bin (application/octet-stream) in CBT.V508.FILE1036.PDS, moved to PDS/CNTL
2025-04-04 03:59:48.361963 - Found LOADLIB.xmi (application/xmit) in CBT.V508.FILE1036.PDS, moved to PDS/LOADLIB.xmi
2025-04-04 03:59:48.376819 - Received SBGOLOB.SORT360.LOADLIB from LOADLIB.xmi 
2025-04-04 03:59:48.377286 - Found IERAM1.bin (application/octet-stream) in SBGOLOB.SORT360.LOADLIB, moved to LOADLIB/IERAM1
2025-04-04 03:59:48.377421 - Found IERRCB.bin (application/octet-stream) in SBGOLOB.SORT360.LOADLIB, moved to LOADLIB/IERRCB
2025-04-04 03:59:48.377555 - Found IERRCM.bin (application/octet-stream) in SBGOLOB.SORT360.LOADLIB, moved to LOADLIB/IERRCM
2025-04-04 03:59:48.377677 - Found IERRCO00.bin (application/octet-stream) in SBGOLOB.SORT360.LOADLIB, moved to LOADLIB/IERRCO00
2025-04-04 03:59:48.377797 - Found IERRCZ.bin (application/octet-stream) in SBGOLOB.SORT360.LOADLIB, moved to LOADLIB/IERRCZ
2025-04-04 03:59:48.377850 - Found alias SORT to IERRCO00 in SBGOLOB.SORT360.LOADLIB, moved to PDS/SORT
2025-04-04 03:59:48.378304 - Found MACLIB.txt (text/plain) in CBT.V508.FILE1036.PDS, moved to PDS/MACLIB
2025-04-04 03:59:48.378476 - Found SORTLIB.xmi (application/xmit) in CBT.V508.FILE1036.PDS, moved to PDS/SORTLIB.xmi
2025-04-04 03:59:48.601610 - Received SBGOLOB.SORT360.SORTLIB from SORTLIB.xmi 
2025-04-04 03:59:48.604955 - Found IERABA.bin (application/octet-stream) in SBGOLOB.SORT360.SORTLIB, moved to SORTLIB/IERABA
2025-04-04 03:59:48.605091 - Found IERABB.bin (application/octet-stream) in SBGOLOB.SORT360.SORTLIB, moved to SORTLIB/IERABB
2025-04-04 03:59:48.605223 - Found IERABC.bin (application/octet-stream) in SBGOLOB.SORT360.SORTLIB, moved to SORTLIB/IERABC
2025-04-04 03:59:48.605358 - Found IERABE.bin (application/octet-stream) in SBGOLOB.SORT360.SORTLIB, moved to SORTLIB/IERABE
2025-04-04 03:59:48.605473 - Found IERABF.bin (application/octet-stream) in SBGOLOB.SORT360.SORTLIB, moved to SORTLIB/IERABF
2025-04-04 03:59:48.605598 - Found IERABG.bin (application/octet-stream) in SBGOLOB.SORT360.SORTLIB, moved to SORTLIB/IERABG
2025-04-04 03:59:48.605726 - Found IERABH.bin (application/octet-stream) in SBGOLOB.SORT360.SORTLIB, moved to SORTLIB/IERABH
2025-04-04 03:59:48.605851 - Found IERABI.bin (application/octet-stream) in SBGOLOB.SORT360.SORTLIB, moved to SORTLIB/IERABI
2025-04-04 03:59:48.605973 - Found IERABJ.bin (application/octet-stream) in SBGOLOB.SORT360.SORTLIB, moved to SORTLIB/IERABJ
2025-04-04 03:59:48.606092 - Found IERABK.bin (application/octet-stream) in SBGOLOB.SORT360.SORTLIB, moved to SORTLIB/IERABK
2025-04-04 03:59:48.606215 - Found IERABL.bin (application/octet-stream) in SBGOLOB.SORT360.SORTLIB, moved to SORTLIB/IERABL
2025-04-04 03:59:48.606338 - Found IERABM.bin (application/octet-stream) in SBGOLOB.SORT360.SORTLIB, moved to SORTLIB/IERABM
2025-04-04 03:59:48.606456 - Found IERABN.bin (application/octet-stream) in SBGOLOB.SORT360.SORTLIB, moved to SORTLIB/IERABN
2025-04-04 03:59:48.606575 - Found IERABO.bin (application/octet-stream) in SBGOLOB.SORT360.SORTLIB, moved to SORTLIB/IERABO
2025-04-04 03:59:48.606693 - Found IERABP.bin (application/octet-stream) in SBGOLOB.SORT360.SORTLIB, moved to SORTLIB/IERABP
2025-04-04 03:59:48.606806 - Found IERABQ.bin (application/octet-stream) in SBGOLOB.SORT360.SORTLIB, moved to SORTLIB/IERABQ
2025-04-04 03:59:48.606921 - Found IERABR.bin (application/octet-stream) in SBGOLOB.SORT360.SORTLIB, moved to SORTLIB/IERABR
2025-04-04 03:59:48.607052 - Found IERABS.bin (application/octet-stream) in SBGOLOB.SORT360.SORTLIB, moved to SORTLIB/IERABS
2025-04-04 03:59:48.607169 - Found IERABT.bin (application/octet-stream) in SBGOLOB.SORT360.SORTLIB, moved to SORTLIB/IERABT
2025-04-04 03:59:48.607288 - Found IERABU.bin (application/octet-stream) in SBGOLOB.SORT360.SORTLIB, moved to SORTLIB/IERABU
2025-04-04 03:59:48.607431 - Found IERABV.bin (application/octet-stream) in SBGOLOB.SORT360.SORTLIB, moved to SORTLIB/IERABV
2025-04-04 03:59:48.607555 - Found IERABW.bin (application/octet-stream) in SBGOLOB.SORT360.SORTLIB, moved to SORTLIB/IERABW
2025-04-04 03:59:48.607670 - Found IERABX.bin (application/octet-stream) in SBGOLOB.SORT360.SORTLIB, moved to SORTLIB/IERABX
2025-04-04 03:59:48.607783 - Found IERABY.bin (application/octet-stream) in SBGOLOB.SORT360.SORTLIB, moved to SORTLIB/IERABY
2025-04-04 03:59:48.607904 - Found IERABZ.bin (application/octet-stream) in SBGOLOB.SORT360.SORTLIB, moved to SORTLIB/IERABZ
2025-04-04 03:59:48.608031 - Found IERADB.bin (application/octet-stream) in SBGOLOB.SORT360.SORTLIB, moved to SORTLIB/IERADB
2025-04-04 03:59:48.608141 - Found IERADC.bin (application/octet-stream) in SBGOLOB.SORT360.SORTLIB, moved to SORTLIB/IERADC
2025-04-04 03:59:48.608256 - Found IERADD.bin (application/octet-stream) in SBGOLOB.SORT360.SORTLIB, moved to SORTLIB/IERADD
2025-04-04 03:59:48.608389 - Found IERADE.bin (application/octet-stream) in SBGOLOB.SORT360.SORTLIB, moved to SORTLIB/IERADE
2025-04-04 03:59:48.608500 - Found IERADG.bin (application/octet-stream) in SBGOLOB.SORT360.SORTLIB, moved to SORTLIB/IERADG
2025-04-04 03:59:48.608616 - Found IERADH.bin (application/octet-stream) in SBGOLOB.SORT360.SORTLIB, moved to SORTLIB/IERADH
2025-04-04 03:59:48.608743 - Found IERADI.bin (application/octet-stream) in SBGOLOB.SORT360.SORTLIB, moved to SORTLIB/IERADI
2025-04-04 03:59:48.608853 - Found IERADJ.bin (application/octet-stream) in SBGOLOB.SORT360.SORTLIB, moved to SORTLIB/IERADJ
2025-04-04 03:59:48.608970 - Found IERADL.bin (application/octet-stream) in SBGOLOB.SORT360.SORTLIB, moved to SORTLIB/IERADL
2025-04-04 03:59:48.609093 - Found IERADM.bin (application/octet-stream) in SBGOLOB.SORT360.SORTLIB, moved to SORTLIB/IERADM
2025-04-04 03:59:48.609211 - Found IERADP.bin (application/octet-stream) in SBGOLOB.SORT360.SORTLIB, moved to SORTLIB/IERADP
2025-04-04 03:59:48.609331 - Found IERADQ.bin (application/octet-stream) in SBGOLOB.SORT360.SORTLIB, moved to SORTLIB/IERADQ
2025-04-04 03:59:48.609455 - Found IERADR.bin (application/octet-stream) in SBGOLOB.SORT360.SORTLIB, moved to SORTLIB/IERADR
2025-04-04 03:59:48.609564 - Found IERADS.bin (application/octet-stream) in SBGOLOB.SORT360.SORTLIB, moved to SORTLIB/IERADS
2025-04-04 03:59:48.609673 - Found IERADT.bin (application/octet-stream) in SBGOLOB.SORT360.SORTLIB, moved to SORTLIB/IERADT
2025-04-04 03:59:48.609783 - Found IERADX.bin (application/octet-stream) in SBGOLOB.SORT360.SORTLIB, moved to SORTLIB/IERADX
2025-04-04 03:59:48.610094 - Found IERAGA.bin (application/octet-stream) in SBGOLOB.SORT360.SORTLIB, moved to SORTLIB/IERAGA
2025-04-04 03:59:48.610220 - Found IERAGB.bin (application/octet-stream) in SBGOLOB.SORT360.SORTLIB, moved to SORTLIB/IERAGB
2025-04-04 03:59:48.610336 - Found IERAGC.bin (application/octet-stream) in SBGOLOB.SORT360.SORTLIB, moved to SORTLIB/IERAGC
2025-04-04 03:59:48.610448 - Found IERAGD.bin (application/octet-stream) in SBGOLOB.SORT360.SORTLIB, moved to SORTLIB/IERAGD
2025-04-04 03:59:48.610557 - Found IERAGE.bin (application/octet-stream) in SBGOLOB.SORT360.SORTLIB, moved to SORTLIB/IERAGE
2025-04-04 03:59:48.610669 - Found IERAGF.bin (application/octet-stream) in SBGOLOB.SORT360.SORTLIB, moved to SORTLIB/IERAGF
2025-04-04 03:59:48.610778 - Found IERAGG.bin (application/octet-stream) in SBGOLOB.SORT360.SORTLIB, moved to SORTLIB/IERAGG
2025-04-04 03:59:48.610886 - Found IERAGH.bin (application/octet-stream) in SBGOLOB.SORT360.SORTLIB, moved to SORTLIB/IERAGH
2025-04-04 03:59:48.610992 - Found IERAGI.bin (application/octet-stream) in SBGOLOB.SORT360.SORTLIB, moved to SORTLIB/IERAGI
2025-04-04 03:59:48.611112 - Found IERAGJ.bin (application/octet-stream) in SBGOLOB.SORT360.SORTLIB, moved to SORTLIB/IERAGJ
2025-04-04 03:59:48.611227 - Found IERAGK.bin (application/octet-stream) in SBGOLOB.SORT360.SORTLIB, moved to SORTLIB/IERAGK
2025-04-04 03:59:48.611359 - Found IERAGL.bin (application/octet-stream) in SBGOLOB.SORT360.SORTLIB, moved to SORTLIB/IERAGL
2025-04-04 03:59:48.611469 - Found IERAGM.bin (application/octet-stream) in SBGOLOB.SORT360.SORTLIB, moved to SORTLIB/IERAGM
2025-04-04 03:59:48.611581 - Found IERAGN.bin (application/octet-stream) in SBGOLOB.SORT360.SORTLIB, moved to SORTLIB/IERAGN
2025-04-04 03:59:48.611693 - Found IERAMA.bin (application/octet-stream) in SBGOLOB.SORT360.SORTLIB, moved to SORTLIB/IERAMA
2025-04-04 03:59:48.611804 - Found IERAMB.bin (application/octet-stream) in SBGOLOB.SORT360.SORTLIB, moved to SORTLIB/IERAMB
2025-04-04 03:59:48.611927 - Found IERAMC.bin (application/octet-stream) in SBGOLOB.SORT360.SORTLIB, moved to SORTLIB/IERAMC
2025-04-04 03:59:48.612035 - Found IERAOA.bin (application/octet-stream) in SBGOLOB.SORT360.SORTLIB, moved to SORTLIB/IERAOA
2025-04-04 03:59:48.612150 - Found IERAOB.bin (application/octet-stream) in SBGOLOB.SORT360.SORTLIB, moved to SORTLIB/IERAOB
2025-04-04 03:59:48.612272 - Found IERAOC.bin (application/octet-stream) in SBGOLOB.SORT360.SORTLIB, moved to SORTLIB/IERAOC
2025-04-04 03:59:48.612384 - Found IERAOD.bin (application/octet-stream) in SBGOLOB.SORT360.SORTLIB, moved to SORTLIB/IERAOD
2025-04-04 03:59:48.612509 - Found IERAOE.bin (application/octet-stream) in SBGOLOB.SORT360.SORTLIB, moved to SORTLIB/IERAOE
2025-04-04 03:59:48.612621 - Found IERAOF.bin (application/octet-stream) in SBGOLOB.SORT360.SORTLIB, moved to SORTLIB/IERAOF
2025-04-04 03:59:48.612730 - Found IERAOG.bin (application/octet-stream) in SBGOLOB.SORT360.SORTLIB, moved to SORTLIB/IERAOG
2025-04-04 03:59:48.612842 - Found IERAOH.bin (application/octet-stream) in SBGOLOB.SORT360.SORTLIB, moved to SORTLIB/IERAOH
2025-04-04 03:59:48.612951 - Found IERAOI.bin (application/octet-stream) in SBGOLOB.SORT360.SORTLIB, moved to SORTLIB/IERAOI
2025-04-04 03:59:48.613062 - Found IERAOJ.bin (application/octet-stream) in SBGOLOB.SORT360.SORTLIB, moved to SORTLIB/IERAOJ
2025-04-04 03:59:48.613175 - Found IERAOK.bin (application/octet-stream) in SBGOLOB.SORT360.SORTLIB, moved to SORTLIB/IERAOK
2025-04-04 03:59:48.613306 - Found IERAON.bin (application/octet-stream) in SBGOLOB.SORT360.SORTLIB, moved to SORTLIB/IERAON
2025-04-04 03:59:48.613430 - Found IERAOP.bin (application/octet-stream) in SBGOLOB.SORT360.SORTLIB, moved to SORTLIB/IERAOP
2025-04-04 03:59:48.613539 - Found IERAOQ.bin (application/octet-stream) in SBGOLOB.SORT360.SORTLIB, moved to SORTLIB/IERAOQ
2025-04-04 03:59:48.613653 - Found IERAOR.bin (application/octet-stream) in SBGOLOB.SORT360.SORTLIB, moved to SORTLIB/IERAOR
2025-04-04 03:59:48.613764 - Found IERAOS.bin (application/octet-stream) in SBGOLOB.SORT360.SORTLIB, moved to SORTLIB/IERAOS
2025-04-04 03:59:48.613871 - Found IERAOT.bin (application/octet-stream) in SBGOLOB.SORT360.SORTLIB, moved to SORTLIB/IERAOT
2025-04-04 03:59:48.613980 - Found IERAOU.bin (application/octet-stream) in SBGOLOB.SORT360.SORTLIB, moved to SORTLIB/IERAOU
2025-04-04 03:59:48.614088 - Found IERAOV.bin (application/octet-stream) in SBGOLOB.SORT360.SORTLIB, moved to SORTLIB/IERAOV
2025-04-04 03:59:48.614202 - Found IERAOW.bin (application/octet-stream) in SBGOLOB.SORT360.SORTLIB, moved to SORTLIB/IERAOW
2025-04-04 03:59:48.614324 - Found IERAOX.bin (application/octet-stream) in SBGOLOB.SORT360.SORTLIB, moved to SORTLIB/IERAOX
2025-04-04 03:59:48.614451 - Found IERAOY.bin (application/octet-stream) in SBGOLOB.SORT360.SORTLIB, moved to SORTLIB/IERAOY
2025-04-04 03:59:48.614563 - Found IERAOZ.bin (application/octet-stream) in SBGOLOB.SORT360.SORTLIB, moved to SORTLIB/IERAOZ
2025-04-04 03:59:48.614672 - Found IERAO2.bin (application/octet-stream) in SBGOLOB.SORT360.SORTLIB, moved to SORTLIB/IERAO2
2025-04-04 03:59:48.614779 - Found IERAPA.bin (application/octet-stream) in SBGOLOB.SORT360.SORTLIB, moved to SORTLIB/IERAPA
2025-04-04 03:59:48.614906 - Found IERAPB.bin (application/octet-stream) in SBGOLOB.SORT360.SORTLIB, moved to SORTLIB/IERAPB
2025-04-04 03:59:48.615016 - Found IERAPC.bin (application/octet-stream) in SBGOLOB.SORT360.SORTLIB, moved to SORTLIB/IERAPC
2025-04-04 03:59:48.615131 - Found IERAPD.bin (application/octet-stream) in SBGOLOB.SORT360.SORTLIB, moved to SORTLIB/IERAPD
2025-04-04 03:59:48.615239 - Found IERAPE.bin (application/octet-stream) in SBGOLOB.SORT360.SORTLIB, moved to SORTLIB/IERAPE
2025-04-04 03:59:48.615365 - Found IERAPF.bin (application/octet-stream) in SBGOLOB.SORT360.SORTLIB, moved to SORTLIB/IERAPF
2025-04-04 03:59:48.615478 - Found IERAPG.bin (application/octet-stream) in SBGOLOB.SORT360.SORTLIB, moved to SORTLIB/IERAPG
2025-04-04 03:59:48.615588 - Found IERAPH.bin (application/octet-stream) in SBGOLOB.SORT360.SORTLIB, moved to SORTLIB/IERAPH
2025-04-04 03:59:48.615755 - Found IERAPI.bin (application/octet-stream) in SBGOLOB.SORT360.SORTLIB, moved to SORTLIB/IERAPI
2025-04-04 03:59:48.615892 - Found IERAPJ.bin (application/octet-stream) in SBGOLOB.SORT360.SORTLIB, moved to SORTLIB/IERAPJ
2025-04-04 03:59:48.616012 - Found IERAPK.bin (application/octet-stream) in SBGOLOB.SORT360.SORTLIB, moved to SORTLIB/IERAPK
2025-04-04 03:59:48.616127 - Found IERAPL.bin (application/octet-stream) in SBGOLOB.SORT360.SORTLIB, moved to SORTLIB/IERAPL
2025-04-04 03:59:48.616240 - Found IERAP1.bin (application/octet-stream) in SBGOLOB.SORT360.SORTLIB, moved to SORTLIB/IERAP1
2025-04-04 03:59:48.616351 - Found IERAP2.bin (application/octet-stream) in SBGOLOB.SORT360.SORTLIB, moved to SORTLIB/IERAP2
2025-04-04 03:59:48.616472 - Found IERAP3.bin (application/octet-stream) in SBGOLOB.SORT360.SORTLIB, moved to SORTLIB/IERAP3
2025-04-04 03:59:48.616596 - Found IERCHK.bin (application/octet-stream) in SBGOLOB.SORT360.SORTLIB, moved to SORTLIB/IERCHK
2025-04-04 03:59:48.616709 - Found IERDM4.bin (application/octet-stream) in SBGOLOB.SORT360.SORTLIB, moved to SORTLIB/IERDM4
2025-04-04 03:59:48.616873 - Found IERDTE.bin (application/octet-stream) in SBGOLOB.SORT360.SORTLIB, moved to SORTLIB/IERDTE
2025-04-04 03:59:48.616988 - Found IEREX1.bin (application/octet-stream) in SBGOLOB.SORT360.SORTLIB, moved to SORTLIB/IEREX1
2025-04-04 03:59:48.617114 - Found IEREX2.bin (application/octet-stream) in SBGOLOB.SORT360.SORTLIB, moved to SORTLIB/IEREX2
2025-04-04 03:59:48.617239 - Found IEREX3.bin (application/octet-stream) in SBGOLOB.SORT360.SORTLIB, moved to SORTLIB/IEREX3
2025-04-04 03:59:48.617349 - Found IERRBA.bin (application/octet-stream) in SBGOLOB.SORT360.SORTLIB, moved to SORTLIB/IERRBA
2025-04-04 03:59:48.617460 - Found IERRBB.bin (application/octet-stream) in SBGOLOB.SORT360.SORTLIB, moved to SORTLIB/IERRBB
2025-04-04 03:59:48.617581 - Found IERRBC.bin (application/octet-stream) in SBGOLOB.SORT360.SORTLIB, moved to SORTLIB/IERRBC
2025-04-04 03:59:48.617848 - Found IERRBE.bin (application/octet-stream) in SBGOLOB.SORT360.SORTLIB, moved to SORTLIB/IERRBE
2025-04-04 03:59:48.617974 - Found IERRBF.bin (application/octet-stream) in SBGOLOB.SORT360.SORTLIB, moved to SORTLIB/IERRBF
2025-04-04 03:59:48.618086 - Found IERRBG.bin (application/octet-stream) in SBGOLOB.SORT360.SORTLIB, moved to SORTLIB/IERRBG
2025-04-04 03:59:48.618200 - Found IERRBH.bin (application/octet-stream) in SBGOLOB.SORT360.SORTLIB, moved to SORTLIB/IERRBH
2025-04-04 03:59:48.618314 - Found IERRBI.bin (application/octet-stream) in SBGOLOB.SORT360.SORTLIB, moved to SORTLIB/IERRBI
2025-04-04 03:59:48.618425 - Found IERRBJ.bin (application/octet-stream) in SBGOLOB.SORT360.SORTLIB, moved to SORTLIB/IERRBJ
2025-04-04 03:59:48.618545 - Found IERRBK.bin (application/octet-stream) in SBGOLOB.SORT360.SORTLIB, moved to SORTLIB/IERRBK
2025-04-04 03:59:48.618664 - Found IERRBL.bin (application/octet-stream) in SBGOLOB.SORT360.SORTLIB, moved to SORTLIB/IERRBL
2025-04-04 03:59:48.618782 - Found IERRBM.bin (application/octet-stream) in SBGOLOB.SORT360.SORTLIB, moved to SORTLIB/IERRBM
2025-04-04 03:59:48.618903 - Found IERRBN.bin (application/octet-stream) in SBGOLOB.SORT360.SORTLIB, moved to SORTLIB/IERRBN
2025-04-04 03:59:48.619036 - Found IERRBO.bin (application/octet-stream) in SBGOLOB.SORT360.SORTLIB, moved to SORTLIB/IERRBO
2025-04-04 03:59:48.619152 - Found IERRBP.bin (application/octet-stream) in SBGOLOB.SORT360.SORTLIB, moved to SORTLIB/IERRBP
2025-04-04 03:59:48.619268 - Found IERRBT.bin (application/octet-stream) in SBGOLOB.SORT360.SORTLIB, moved to SORTLIB/IERRBT
2025-04-04 03:59:48.619377 - Found IERRBU.bin (application/octet-stream) in SBGOLOB.SORT360.SORTLIB, moved to SORTLIB/IERRBU
2025-04-04 03:59:48.619489 - Found IERRBV.bin (application/octet-stream) in SBGOLOB.SORT360.SORTLIB, moved to SORTLIB/IERRBV
2025-04-04 03:59:48.619607 - Found IERRBW.bin (application/octet-stream) in SBGOLOB.SORT360.SORTLIB, moved to SORTLIB/IERRBW
2025-04-04 03:59:48.619721 - Found IERRBX.bin (application/octet-stream) in SBGOLOB.SORT360.SORTLIB, moved to SORTLIB/IERRBX
2025-04-04 03:59:48.619831 - Found IERRBY.bin (application/octet-stream) in SBGOLOB.SORT360.SORTLIB, moved to SORTLIB/IERRBY
2025-04-04 03:59:48.619941 - Found IERRBZ.bin (application/octet-stream) in SBGOLOB.SORT360.SORTLIB, moved to SORTLIB/IERRBZ
2025-04-04 03:59:48.620052 - Found IERRCT.bin (application/octet-stream) in SBGOLOB.SORT360.SORTLIB, moved to SORTLIB/IERRCT
2025-04-04 03:59:48.620178 - Found IERRCV.bin (application/octet-stream) in SBGOLOB.SORT360.SORTLIB, moved to SORTLIB/IERRCV
2025-04-04 03:59:48.620287 - Found IERRC6.bin (application/octet-stream) in SBGOLOB.SORT360.SORTLIB, moved to SORTLIB/IERRC6
2025-04-04 03:59:48.620397 - Found IERRC7.bin (application/octet-stream) in SBGOLOB.SORT360.SORTLIB, moved to SORTLIB/IERRC7
2025-04-04 03:59:48.620508 - Found IERRC8.bin (application/octet-stream) in SBGOLOB.SORT360.SORTLIB, moved to SORTLIB/IERRC8
2025-04-04 03:59:48.620619 - Found IERRC9.bin (application/octet-stream) in SBGOLOB.SORT360.SORTLIB, moved to SORTLIB/IERRC9
2025-04-04 03:59:48.620743 - Found IERRDB.bin (application/octet-stream) in SBGOLOB.SORT360.SORTLIB, moved to SORTLIB/IERRDB
2025-04-04 03:59:48.620853 - Found IERRDC.bin (application/octet-stream) in SBGOLOB.SORT360.SORTLIB, moved to SORTLIB/IERRDC
2025-04-04 03:59:48.620978 - Found IERRDD.bin (application/octet-stream) in SBGOLOB.SORT360.SORTLIB, moved to SORTLIB/IERRDD
2025-04-04 03:59:48.621093 - Found IERRDE.bin (application/octet-stream) in SBGOLOB.SORT360.SORTLIB, moved to SORTLIB/IERRDE
2025-04-04 03:59:48.621212 - Found IERRDG.bin (application/octet-stream) in SBGOLOB.SORT360.SORTLIB, moved to SORTLIB/IERRDG
2025-04-04 03:59:48.621337 - Found IERRDH.bin (application/octet-stream) in SBGOLOB.SORT360.SORTLIB, moved to SORTLIB/IERRDH
2025-04-04 03:59:48.621444 - Found IERRDI.bin (application/octet-stream) in SBGOLOB.SORT360.SORTLIB, moved to SORTLIB/IERRDI
2025-04-04 03:59:48.621552 - Found IERRDJ.bin (application/octet-stream) in SBGOLOB.SORT360.SORTLIB, moved to SORTLIB/IERRDJ
2025-04-04 03:59:48.621659 - Found IERRDL.bin (application/octet-stream) in SBGOLOB.SORT360.SORTLIB, moved to SORTLIB/IERRDL
2025-04-04 03:59:48.621786 - Found IERRDP.bin (application/octet-stream) in SBGOLOB.SORT360.SORTLIB, moved to SORTLIB/IERRDP
2025-04-04 03:59:48.621896 - Found IERRDQ.bin (application/octet-stream) in SBGOLOB.SORT360.SORTLIB, moved to SORTLIB/IERRDQ
2025-04-04 03:59:48.622009 - Found IERRDR.bin (application/octet-stream) in SBGOLOB.SORT360.SORTLIB, moved to SORTLIB/IERRDR
2025-04-04 03:59:48.622133 - Found IERRDS.bin (application/octet-stream) in SBGOLOB.SORT360.SORTLIB, moved to SORTLIB/IERRDS
2025-04-04 03:59:48.622243 - Found IERRDT.bin (application/octet-stream) in SBGOLOB.SORT360.SORTLIB, moved to SORTLIB/IERRDT
2025-04-04 03:59:48.622353 - Found IERRDX.bin (application/octet-stream) in SBGOLOB.SORT360.SORTLIB, moved to SORTLIB/IERRDX
2025-04-04 03:59:48.622462 - Found IERRGA.bin (application/octet-stream) in SBGOLOB.SORT360.SORTLIB, moved to SORTLIB/IERRGA
2025-04-04 03:59:48.622570 - Found IERRGB.bin (application/octet-stream) in SBGOLOB.SORT360.SORTLIB, moved to SORTLIB/IERRGB
2025-04-04 03:59:48.622679 - Found IERRGC.bin (application/octet-stream) in SBGOLOB.SORT360.SORTLIB, moved to SORTLIB/IERRGC
2025-04-04 03:59:48.622791 - Found IERRGD.bin (application/octet-stream) in SBGOLOB.SORT360.SORTLIB, moved to SORTLIB/IERRGD
2025-04-04 03:59:48.622920 - Found IERRGE.bin (application/octet-stream) in SBGOLOB.SORT360.SORTLIB, moved to SORTLIB/IERRGE
2025-04-04 03:59:48.623056 - Found IERRGF.bin (application/octet-stream) in SBGOLOB.SORT360.SORTLIB, moved to SORTLIB/IERRGF
2025-04-04 03:59:48.623167 - Found IERRGL.bin (application/octet-stream) in SBGOLOB.SORT360.SORTLIB, moved to SORTLIB/IERRGL
2025-04-04 03:59:48.623290 - Found IERRGM.bin (application/octet-stream) in SBGOLOB.SORT360.SORTLIB, moved to SORTLIB/IERRGM
2025-04-04 03:59:48.623402 - Found IERRMA.bin (application/octet-stream) in SBGOLOB.SORT360.SORTLIB, moved to SORTLIB/IERRMA
2025-04-04 03:59:48.623509 - Found IERRMB.bin (application/octet-stream) in SBGOLOB.SORT360.SORTLIB, moved to SORTLIB/IERRMB
2025-04-04 03:59:48.623617 - Found IERRMC.bin (application/octet-stream) in SBGOLOB.SORT360.SORTLIB, moved to SORTLIB/IERRMC
2025-04-04 03:59:48.623725 - Found IERROA.bin (application/octet-stream) in SBGOLOB.SORT360.SORTLIB, moved to SORTLIB/IERROA
2025-04-04 03:59:48.623833 - Found IERROB.bin (application/octet-stream) in SBGOLOB.SORT360.SORTLIB, moved to SORTLIB/IERROB
2025-04-04 03:59:48.623952 - Found IERROC.bin (application/octet-stream) in SBGOLOB.SORT360.SORTLIB, moved to SORTLIB/IERROC
2025-04-04 03:59:48.624063 - Found IERROD.bin (application/octet-stream) in SBGOLOB.SORT360.SORTLIB, moved to SORTLIB/IERROD
2025-04-04 03:59:48.624174 - Found IERROE.bin (application/octet-stream) in SBGOLOB.SORT360.SORTLIB, moved to SORTLIB/IERROE
2025-04-04 03:59:48.624301 - Found IERROF.bin (application/octet-stream) in SBGOLOB.SORT360.SORTLIB, moved to SORTLIB/IERROF
2025-04-04 03:59:48.624409 - Found IERROG.bin (application/octet-stream) in SBGOLOB.SORT360.SORTLIB, moved to SORTLIB/IERROG
2025-04-04 03:59:48.624521 - Found IERROH.bin (application/octet-stream) in SBGOLOB.SORT360.SORTLIB, moved to SORTLIB/IERROH
2025-04-04 03:59:48.624627 - Found IERROI.bin (application/octet-stream) in SBGOLOB.SORT360.SORTLIB, moved to SORTLIB/IERROI
2025-04-04 03:59:48.624738 - Found IERROJ.bin (application/octet-stream) in SBGOLOB.SORT360.SORTLIB, moved to SORTLIB/IERROJ
2025-04-04 03:59:48.624849 - Found IERROK.bin (application/octet-stream) in SBGOLOB.SORT360.SORTLIB, moved to SORTLIB/IERROK
2025-04-04 03:59:48.624979 - Found IERRON.bin (application/octet-stream) in SBGOLOB.SORT360.SORTLIB, moved to SORTLIB/IERRON
2025-04-04 03:59:48.625092 - Found IERROP.bin (application/octet-stream) in SBGOLOB.SORT360.SORTLIB, moved to SORTLIB/IERROP
2025-04-04 03:59:48.625200 - Found IERROQ.bin (application/octet-stream) in SBGOLOB.SORT360.SORTLIB, moved to SORTLIB/IERROQ
2025-04-04 03:59:48.625324 - Found IERROR.bin (application/octet-stream) in SBGOLOB.SORT360.SORTLIB, moved to SORTLIB/IERROR
2025-04-04 03:59:48.625433 - Found IERROS.bin (application/octet-stream) in SBGOLOB.SORT360.SORTLIB, moved to SORTLIB/IERROS
2025-04-04 03:59:48.625540 - Found IERROT.bin (application/octet-stream) in SBGOLOB.SORT360.SORTLIB, moved to SORTLIB/IERROT
2025-04-04 03:59:48.625652 - Found IERROU.bin (application/octet-stream) in SBGOLOB.SORT360.SORTLIB, moved to SORTLIB/IERROU
2025-04-04 03:59:48.625761 - Found IERROV.bin (application/octet-stream) in SBGOLOB.SORT360.SORTLIB, moved to SORTLIB/IERROV
2025-04-04 03:59:48.625867 - Found IERROW.bin (application/octet-stream) in SBGOLOB.SORT360.SORTLIB, moved to SORTLIB/IERROW
2025-04-04 03:59:48.625980 - Found IERROX.bin (application/octet-stream) in SBGOLOB.SORT360.SORTLIB, moved to SORTLIB/IERROX
2025-04-04 03:59:48.626107 - Found IERROY.bin (application/octet-stream) in SBGOLOB.SORT360.SORTLIB, moved to SORTLIB/IERROY
2025-04-04 03:59:48.626217 - Found IERROZ.bin (application/octet-stream) in SBGOLOB.SORT360.SORTLIB, moved to SORTLIB/IERROZ
2025-04-04 03:59:48.626325 - Found IERRPA.bin (application/octet-stream) in SBGOLOB.SORT360.SORTLIB, moved to SORTLIB/IERRPA
2025-04-04 03:59:48.626451 - Found IERRPB.bin (application/octet-stream) in SBGOLOB.SORT360.SORTLIB, moved to SORTLIB/IERRPB
2025-04-04 03:59:48.626564 - Found IERRPC.bin (application/octet-stream) in SBGOLOB.SORT360.SORTLIB, moved to SORTLIB/IERRPC
2025-04-04 03:59:48.626674 - Found IERRPD.bin (application/octet-stream) in SBGOLOB.SORT360.SORTLIB, moved to SORTLIB/IERRPD
2025-04-04 03:59:48.626790 - Found IERRPE.bin (application/octet-stream) in SBGOLOB.SORT360.SORTLIB, moved to SORTLIB/IERRPE
2025-04-04 03:59:48.626897 - Found IERRPF.bin (application/octet-stream) in SBGOLOB.SORT360.SORTLIB, moved to SORTLIB/IERRPF
2025-04-04 03:59:48.627003 - Found IERRPG.bin (application/octet-stream) in SBGOLOB.SORT360.SORTLIB, moved to SORTLIB/IERRPG
2025-04-04 03:59:48.627111 - Found IERRPM.bin (application/octet-stream) in SBGOLOB.SORT360.SORTLIB, moved to SORTLIB/IERRPM
2025-04-04 03:59:48.627236 - Found IER8BN.bin (application/octet-stream) in SBGOLOB.SORT360.SORTLIB, moved to SORTLIB/IER8BN
2025-04-04 03:59:48.627347 - Found IER8BO.bin (application/octet-stream) in SBGOLOB.SORT360.SORTLIB, moved to SORTLIB/IER8BO
2025-04-04 03:59:48.627460 - Found IER8DJ.bin (application/octet-stream) in SBGOLOB.SORT360.SORTLIB, moved to SORTLIB/IER8DJ
2025-04-04 03:59:48.627585 - Found IER8GB.bin (application/octet-stream) in SBGOLOB.SORT360.SORTLIB, moved to SORTLIB/IER8GB
2025-04-04 03:59:48.627694 - Found IER8GC.bin (application/octet-stream) in SBGOLOB.SORT360.SORTLIB, moved to SORTLIB/IER8GC
2025-04-04 03:59:48.627805 - Found IER8ON.bin (application/octet-stream) in SBGOLOB.SORT360.SORTLIB, moved to SORTLIB/IER8ON
2025-04-04 03:59:48.627915 - Found IER8PA.bin (application/octet-stream) in SBGOLOB.SORT360.SORTLIB, moved to SORTLIB/IER8PA
2025-04-04 03:59:48.628025 - Found IER8PM.bin (application/octet-stream) in SBGOLOB.SORT360.SORTLIB, moved to SORTLIB/IER8PM
2025-04-04 03:59:48.628133 - Found IER9BN.bin (application/octet-stream) in SBGOLOB.SORT360.SORTLIB, moved to SORTLIB/IER9BN
2025-04-04 03:59:48.628400 - Found IER9BO.bin (application/octet-stream) in SBGOLOB.SORT360.SORTLIB, moved to SORTLIB/IER9BO
2025-04-04 03:59:48.628510 - Found IER9DJ.bin (application/octet-stream) in SBGOLOB.SORT360.SORTLIB, moved to SORTLIB/IER9DJ
2025-04-04 03:59:48.628619 - Found IER9GB.bin (application/octet-stream) in SBGOLOB.SORT360.SORTLIB, moved to SORTLIB/IER9GB
2025-04-04 03:59:48.628734 - Found IER9GC.bin (application/octet-stream) in SBGOLOB.SORT360.SORTLIB, moved to SORTLIB/IER9GC
2025-04-04 03:59:48.628853 - Found IER9GN.bin (application/octet-stream) in SBGOLOB.SORT360.SORTLIB, moved to SORTLIB/IER9GN
2025-04-04 03:59:48.628958 - Found IER9ON.bin (application/octet-stream) in SBGOLOB.SORT360.SORTLIB, moved to SORTLIB/IER9ON
2025-04-04 03:59:48.629064 - Found IER9PA.bin (application/octet-stream) in SBGOLOB.SORT360.SORTLIB, moved to SORTLIB/IER9PA
